# JRE version: OpenJDK Runtime Environment (7.0_51) (build 1.7.0_51-b00)
# Java VM: OpenJDK 64-Bit Server VM (24.45-b08 mixed mode linux-amd64 compressed oops)
Heap
 PSYoungGen      total 264192K, used 340K [0x00000000eb600000, 0x00000000fba00000, 0x0000000100000000)
  eden space 262144K, 0% used [0x00000000eb600000,0x00000000eb600000,0x00000000fb600000)
  from space 2048K, 16% used [0x00000000fb600000,0x00000000fb6550a0,0x00000000fb800000)
  to   space 2048K, 0% used [0x00000000fb800000,0x00000000fb800000,0x00000000fba00000)
 ParOldGen       total 41984K, used 28438K [0x00000000c2200000, 0x00000000c4b00000, 0x00000000eb600000)
  object space 41984K, 67% used [0x00000000c2200000,0x00000000c3dc5860,0x00000000c4b00000)
 PSPermGen       total 21504K, used 8655K [0x00000000b7c00000, 0x00000000b9100000, 0x00000000c2200000)
  object space 21504K, 40% used [0x00000000b7c00000,0x00000000b8473c10,0x00000000b9100000)
GC Heap History (10 events):
Event: 3,528 GC heap after
Heap after GC invocations=4 (full 0):
 PSYoungGen      total 68096K, used 1517K [0x00000000eb600000, 0x00000000efb00000, 0x0000000100000000)
  eden space 65536K, 0% used [0x00000000eb600000,0x00000000eb600000,0x00000000ef600000)
  from space 2560K, 59% used [0x00000000ef880000,0x00000000ef9fb7c0,0x00000000efb00000)
  to   space 2560K, 0% used [0x00000000ef600000,0x00000000ef600000,0x00000000ef880000)
 ParOldGen       total 41984K, used 11605K [0x00000000c2200000, 0x00000000c4b00000, 0x00000000eb600000)
  object space 41984K, 27% used [0x00000000c2200000,0x00000000c2d557b8,0x00000000c4b00000)
 PSPermGen       total 21504K, used 8634K [0x00000000b7c00000, 0x00000000b9100000, 0x00000000c2200000)
  object space 21504K, 40% used [0x00000000b7c00000,0x00000000b846eb98,0x00000000b9100000)
}
Event: 4,135 GC heap before
{Heap before GC invocations=5 (full 0):
 PSYoungGen      total 68096K, used 67053K [0x00000000eb600000, 0x00000000efb00000, 0x0000000100000000)
  eden space 65536K, 100% used [0x00000000eb600000,0x00000000ef600000,0x00000000ef600000)
  from space 2560K, 59% used [0x00000000ef880000,0x00000000ef9fb7c0,0x00000000efb00000)
  to   space 2560K, 0% used [0x00000000ef600000,0x00000000ef600000,0x00000000ef880000)
 ParOldGen       total 41984K, used 11605K [0x00000000c2200000, 0x00000000c4b00000, 0x00000000eb600000)
  object space 41984K, 27% used [0x00000000c2200000,0x00000000c2d557b8,0x00000000c4b00000)
 PSPermGen       total 21504K, used 8640K [0x00000000b7c00000, 0x00000000b9100000, 0x00000000c2200000)
  object space 21504K, 40% used [0x00000000b7c00000,0x00000000b84700b8,0x00000000b9100000)
Event: 4,140 GC heap after
Heap after GC invocations=5 (full 0):
 PSYoungGen      total 68096K, used 1257K [0x00000000eb600000, 0x00000000f3a00000, 0x0000000100000000)
  eden space 65536K, 0% used [0x00000000eb600000,0x00000000eb600000,0x00000000ef600000)
  from space 2560K, 49% used [0x00000000ef600000,0x00000000ef73a710,0x00000000ef880000)
  to   space 2048K, 0% used [0x00000000f3800000,0x00000000f3800000,0x00000000f3a00000)
 ParOldGen       total 41984K, used 11613K [0x00000000c2200000, 0x00000000c4b00000, 0x00000000eb600000)
  object space 41984K, 27% used [0x00000000c2200000,0x00000000c2d577b8,0x00000000c4b00000)
 PSPermGen       total 21504K, used 8640K [0x00000000b7c00000, 0x00000000b9100000, 0x00000000c2200000)
  object space 21504K, 40% used [0x00000000b7c00000,0x00000000b84700b8,0x00000000b9100000)
}
Event: 4,785 GC heap before
{Heap before GC invocations=6 (full 0):
 PSYoungGen      total 68096K, used 66793K [0x00000000eb600000, 0x00000000f3a00000, 0x0000000100000000)
  eden space 65536K, 100% used [0x00000000eb600000,0x00000000ef600000,0x00000000ef600000)
  from space 2560K, 49% used [0x00000000ef600000,0x00000000ef73a710,0x00000000ef880000)
  to   space 2048K, 0% used [0x00000000f3800000,0x00000000f3800000,0x00000000f3a00000)
 ParOldGen       total 41984K, used 11613K [0x00000000c2200000, 0x00000000c4b00000, 0x00000000eb600000)
  object space 41984K, 27% used [0x00000000c2200000,0x00000000c2d577b8,0x00000000c4b00000)
 PSPermGen       total 21504K, used 8646K [0x00000000b7c00000, 0x00000000b9100000, 0x00000000c2200000)
  object space 21504K, 40% used [0x00000000b7c00000,0x00000000b84719c0,0x00000000b9100000)
Event: 4,798 GC heap after
Heap after GC invocations=6 (full 0):
 PSYoungGen      total 133120K, used 1515K [0x00000000eb600000, 0x00000000f3a00000, 0x0000000100000000)
  eden space 131072K, 0% used [0x00000000eb600000,0x00000000eb600000,0x00000000f3600000)
  from space 2048K, 74% used [0x00000000f3800000,0x00000000f397af90,0x00000000f3a00000)
  to   space 2048K, 0% used [0x00000000f3600000,0x00000000f3600000,0x00000000f3800000)
 ParOldGen       total 41984K, used 19426K [0x00000000c2200000, 0x00000000c4b00000, 0x00000000eb600000)
  object space 41984K, 46% used [0x00000000c2200000,0x00000000c34f89d8,0x00000000c4b00000)
 PSPermGen       total 21504K, used 8646K [0x00000000b7c00000, 0x00000000b9100000, 0x00000000c2200000)
  object space 21504K, 40% used [0x00000000b7c00000,0x00000000b84719c0,0x00000000b9100000)
}
Event: 7,104 GC heap before
{Heap before GC invocations=7 (full 0):
 PSYoungGen      total 133120K, used 129586K [0x00000000eb600000, 0x00000000f3a00000, 0x0000000100000000)
  eden space 131072K, 97% used [0x00000000eb600000,0x00000000f3311c48,0x00000000f3600000)
  from space 2048K, 74% used [0x00000000f3800000,0x00000000f397af90,0x00000000f3a00000)
  to   space 2048K, 0% used [0x00000000f3600000,0x00000000f3600000,0x00000000f3800000)
 ParOldGen       total 41984K, used 19426K [0x00000000c2200000, 0x00000000c4b00000, 0x00000000eb600000)
  object space 41984K, 46% used [0x00000000c2200000,0x00000000c34f89d8,0x00000000c4b00000)
 PSPermGen       total 21504K, used 8647K [0x00000000b7c00000, 0x00000000b9100000, 0x00000000c2200000)
  object space 21504K, 40% used [0x00000000b7c00000,0x00000000b8471f48,0x00000000b9100000)
Event: 7,683 GC heap after
Heap after GC invocations=7 (full 0):
 PSYoungGen      total 133120K, used 340K [0x00000000eb600000, 0x00000000fba00000, 0x0000000100000000)
  eden space 131072K, 0% used [0x00000000eb600000,0x00000000eb600000,0x00000000f3600000)
  from space 2048K, 16% used [0x00000000f3600000,0x00000000f36550a0,0x00000000f3800000)
  to   space 2048K, 0% used [0x00000000fb800000,0x00000000fb800000,0x00000000fba00000)
 ParOldGen       total 41984K, used 20601K [0x00000000c2200000, 0x00000000c4b00000, 0x00000000eb600000)
  object space 41984K, 49% used [0x00000000c2200000,0x00000000c361e640,0x00000000c4b00000)
 PSPermGen       total 21504K, used 8647K [0x00000000b7c00000, 0x00000000b9100000, 0x00000000c2200000)
  object space 21504K, 40% used [0x00000000b7c00000,0x00000000b8471f48,0x00000000b9100000)
}
Event: 14,159 GC heap before
{Heap before GC invocations=8 (full 0):
 PSYoungGen      total 133120K, used 131412K [0x00000000eb600000, 0x00000000fba00000, 0x0000000100000000)
  eden space 131072K, 100% used [0x00000000eb600000,0x00000000f3600000,0x00000000f3600000)
  from space 2048K, 16% used [0x00000000f3600000,0x00000000f36550a0,0x00000000f3800000)
  to   space 2048K, 0% used [0x00000000fb800000,0x00000000fb800000,0x00000000fba00000)
 ParOldGen       total 41984K, used 20601K [0x00000000c2200000, 0x00000000c4b00000, 0x00000000eb600000)
  object space 41984K, 49% used [0x00000000c2200000,0x00000000c361e640,0x00000000c4b00000)
 PSPermGen       total 21504K, used 8651K [0x00000000b7c00000, 0x00000000b9100000, 0x00000000c2200000)
  object space 21504K, 40% used [0x00000000b7c00000,0x00000000b8472c98,0x00000000b9100000)
Event: 14,168 GC heap after
Heap after GC invocations=8 (full 0):
 PSYoungGen      total 264192K, used 340K [0x00000000eb600000, 0x00000000fba00000, 0x0000000100000000)
  eden space 262144K, 0% used [0x00000000eb600000,0x00000000eb600000,0x00000000fb600000)
  from space 2048K, 16% used [0x00000000fb800000,0x00000000fb8550a0,0x00000000fba00000)
  to   space 2048K, 0% used [0x00000000fb600000,0x00000000fb600000,0x00000000fb800000)
 ParOldGen       total 41984K, used 28422K [0x00000000c2200000, 0x00000000c4b00000, 0x00000000eb600000)
  object space 41984K, 67% used [0x00000000c2200000,0x00000000c3dc1860,0x00000000c4b00000)
 PSPermGen       total 21504K, used 8651K [0x00000000b7c00000, 0x00000000b9100000, 0x00000000c2200000)
  object space 21504K, 40% used [0x00000000b7c00000,0x00000000b8472c98,0x00000000b9100000)
}
Event: 18,387 GC heap before
{Heap before GC invocations=9 (full 0):
 PSYoungGen      total 264192K, used 262484K [0x00000000eb600000, 0x00000000fba00000, 0x0000000100000000)
  eden space 262144K, 100% used [0x00000000eb600000,0x00000000fb600000,0x00000000fb600000)
  from space 2048K, 16% used [0x00000000fb800000,0x00000000fb8550a0,0x00000000fba00000)
  to   space 2048K, 0% used [0x00000000fb600000,0x00000000fb600000,0x00000000fb800000)
 ParOldGen       total 41984K, used 28422K [0x00000000c2200000, 0x00000000c4b00000, 0x00000000eb600000)
  object space 41984K, 67% used [0x00000000c2200000,0x00000000c3dc1860,0x00000000c4b00000)
 PSPermGen       total 21504K, used 8655K [0x00000000b7c00000, 0x00000000b9100000, 0x00000000c2200000)
  object space 21504K, 40% used [0x00000000b7c00000,0x00000000b8473c10,0x00000000b9100000)

